<?xml version="1.0" encoding="UTF-8"?>
<!-- Generated by org.testng.reporters.JUnitXMLReporter -->
<testsuite hostname="honey" ignored="0" name="Default test" tests="4" failures="0" timestamp="28 Jan 2020 17:19:13 GMT" time="16.306" errors="0">
  <testcase name="@AfterMethod closeapp" time="0.0" classname="wellsfargo.WellsFargo.LOGINGMAIL">
    <failure type="org.openqa.selenium.NoSuchSessionException" message="invalid session id
Build info: version: &amp;apos;3.141.59&amp;apos;, revision: &amp;apos;e82be7d358&amp;apos;, time: &amp;apos;2018-11-14T08:17:03&amp;apos;
System info: host: &amp;apos;HONEY&amp;apos;, ip: &amp;apos;192.168.103.34&amp;apos;, os.name: &amp;apos;Windows 8.1&amp;apos;, os.arch: &amp;apos;amd64&amp;apos;, os.version: &amp;apos;6.3&amp;apos;, java.version: &amp;apos;1.8.0_241&amp;apos;
Driver info: org.openqa.selenium.chrome.ChromeDriver
Capabilities {acceptInsecureCerts: false, browserName: chrome, browserVersion: 79.0.3945.130, chrome: {chromedriverVersion: 79.0.3945.36 (3582db32b3389..., userDataDir: C:\Users\harneet\AppData\Lo...}, goog:chromeOptions: {debuggerAddress: localhost:61242}, javascriptEnabled: true, networkConnectionEnabled: false, pageLoadStrategy: normal, platform: WINDOWS, platformName: WINDOWS, proxy: Proxy(), setWindowRect: true, strictFileInteractability: false, timeouts: {implicit: 0, pageLoad: 300000, script: 30000}, unhandledPromptBehavior: dismiss and notify}
Session ID: ab72bebabb267abfd89a8ed0f286e23f">
      <![CDATA[org.openqa.selenium.NoSuchSessionException: invalid session id
Build info: version: '3.141.59', revision: 'e82be7d358', time: '2018-11-14T08:17:03'
System info: host: 'HONEY', ip: '192.168.103.34', os.name: 'Windows 8.1', os.arch: 'amd64', os.version: '6.3', java.version: '1.8.0_241'
Driver info: org.openqa.selenium.chrome.ChromeDriver
Capabilities {acceptInsecureCerts: false, browserName: chrome, browserVersion: 79.0.3945.130, chrome: {chromedriverVersion: 79.0.3945.36 (3582db32b3389..., userDataDir: C:\Users\harneet\AppData\Lo...}, goog:chromeOptions: {debuggerAddress: localhost:61242}, javascriptEnabled: true, networkConnectionEnabled: false, pageLoadStrategy: normal, platform: WINDOWS, platformName: WINDOWS, proxy: Proxy(), setWindowRect: true, strictFileInteractability: false, timeouts: {implicit: 0, pageLoad: 300000, script: 30000}, unhandledPromptBehavior: dismiss and notify}
Session ID: ab72bebabb267abfd89a8ed0f286e23f
	at sun.reflect.NativeConstructorAccessorImpl.newInstance0(Native Method)
	at sun.reflect.NativeConstructorAccessorImpl.newInstance(Unknown Source)
	at sun.reflect.DelegatingConstructorAccessorImpl.newInstance(Unknown Source)
	at java.lang.reflect.Constructor.newInstance(Unknown Source)
	at org.openqa.selenium.remote.http.W3CHttpResponseCodec.createException(W3CHttpResponseCodec.java:187)
	at org.openqa.selenium.remote.http.W3CHttpResponseCodec.decode(W3CHttpResponseCodec.java:122)
	at org.openqa.selenium.remote.http.W3CHttpResponseCodec.decode(W3CHttpResponseCodec.java:49)
	at org.openqa.selenium.remote.HttpCommandExecutor.execute(HttpCommandExecutor.java:158)
	at org.openqa.selenium.remote.service.DriverCommandExecutor.execute(DriverCommandExecutor.java:83)
	at org.openqa.selenium.remote.RemoteWebDriver.execute(RemoteWebDriver.java:552)
	at org.openqa.selenium.remote.RemoteWebDriver.execute(RemoteWebDriver.java:609)
	at org.openqa.selenium.remote.RemoteWebDriver.close(RemoteWebDriver.java:442)
	at wellsfargo.WellsFargo.LOGINGMAIL.closeapp(LOGINGMAIL.java:34)
	at sun.reflect.NativeMethodAccessorImpl.invoke0(Native Method)
	at sun.reflect.NativeMethodAccessorImpl.invoke(Unknown Source)
	at sun.reflect.DelegatingMethodAccessorImpl.invoke(Unknown Source)
	at java.lang.reflect.Method.invoke(Unknown Source)
	at org.testng.internal.MethodInvocationHelper.invokeMethod(MethodInvocationHelper.java:104)
	at org.testng.internal.Invoker.invokeConfigurationMethod(Invoker.java:515)
	at org.testng.internal.Invoker.invokeConfigurations(Invoker.java:217)
	at org.testng.internal.Invoker.invokeMethod(Invoker.java:712)
	at org.testng.internal.Invoker.invokeTestMethod(Invoker.java:851)
	at org.testng.internal.Invoker.invokeTestMethods(Invoker.java:1177)
	at org.testng.internal.TestMethodWorker.invokeTestMethods(TestMethodWorker.java:129)
	at org.testng.internal.TestMethodWorker.run(TestMethodWorker.java:112)
	at org.testng.TestRunner.privateRun(TestRunner.java:756)
	at org.testng.TestRunner.run(TestRunner.java:610)
	at org.testng.SuiteRunner.runTest(SuiteRunner.java:387)
	at org.testng.SuiteRunner.runSequentially(SuiteRunner.java:382)
	at org.testng.SuiteRunner.privateRun(SuiteRunner.java:340)
	at org.testng.SuiteRunner.run(SuiteRunner.java:289)
	at org.testng.SuiteRunnerWorker.runSuite(SuiteRunnerWorker.java:52)
	at org.testng.SuiteRunnerWorker.run(SuiteRunnerWorker.java:86)
	at org.testng.TestNG.runSuitesSequentially(TestNG.java:1293)
	at org.testng.TestNG.runSuitesLocally(TestNG.java:1218)
	at org.testng.TestNG.runSuites(TestNG.java:1133)
	at org.testng.TestNG.run(TestNG.java:1104)
	at org.testng.remote.AbstractRemoteTestNG.run(AbstractRemoteTestNG.java:132)
	at org.testng.remote.RemoteTestNG.initAndRun(RemoteTestNG.java:236)
	at org.testng.remote.RemoteTestNG.main(RemoteTestNG.java:81)
]]>
    </failure>
  </testcase> <!-- @AfterMethod closeapp -->
  <testcase name="@BeforeMethod launch" time="0.0" classname="wellsfargo.WellsFargo.LOGINGMAIL">
    <skipped/>
  </testcase> <!-- @BeforeMethod launch -->
  <testcase name="@AfterMethod AfterMethod" time="0.0" classname="wellsfargo.WellsFargo.LOGINGMAIL">
    <skipped/>
  </testcase> <!-- @AfterMethod AfterMethod -->
  <testcase name="@AfterMethod closeapp" time="0.0" classname="wellsfargo.WellsFargo.LOGINGMAIL">
    <skipped/>
  </testcase> <!-- @AfterMethod closeapp -->
  <testcase name="@BeforeMethod launch" time="0.0" classname="wellsfargo.WellsFargo.LOGINGMAIL">
    <skipped/>
  </testcase> <!-- @BeforeMethod launch -->
  <testcase name="@AfterMethod AfterMethod" time="0.0" classname="wellsfargo.WellsFargo.LOGINGMAIL">
    <skipped/>
  </testcase> <!-- @AfterMethod AfterMethod -->
  <testcase name="@AfterMethod closeapp" time="0.0" classname="wellsfargo.WellsFargo.LOGINGMAIL">
    <skipped/>
  </testcase> <!-- @AfterMethod closeapp -->
  <testcase name="@BeforeMethod launch" time="0.0" classname="wellsfargo.WellsFargo.LOGINGMAIL">
    <skipped/>
  </testcase> <!-- @BeforeMethod launch -->
  <testcase name="@AfterMethod AfterMethod" time="0.0" classname="wellsfargo.WellsFargo.LOGINGMAIL">
    <skipped/>
  </testcase> <!-- @AfterMethod AfterMethod -->
  <testcase name="@AfterMethod closeapp" time="0.0" classname="wellsfargo.WellsFargo.LOGINGMAIL">
    <skipped/>
  </testcase> <!-- @AfterMethod closeapp -->
  <testcase name="Tab1" time="0.737" classname="wellsfargo.WellsFargo.LOGINGMAIL"/>
  <testcase name="Tab2" time="0.006" classname="wellsfargo.WellsFargo.LOGINGMAIL">
    <skipped/>
  </testcase> <!-- Tab2 -->
  <testcase name="checkTitle" time="0.01" classname="wellsfargo.WellsFargo.LOGINGMAIL">
    <skipped/>
  </testcase> <!-- checkTitle -->
  <testcase name="login" time="0.003" classname="wellsfargo.WellsFargo.LOGINGMAIL">
    <skipped/>
  </testcase> <!-- login -->
</testsuite> <!-- Default test -->
